<?xml version="1.0" encoding="UTF-8"?>
<testsuite name="cpen221.soundwaves.SmokeTests" tests="7" skipped="0" failures="0" errors="0" timestamp="2023-11-10T05:14:13" hostname="VAIBHAV-LAPTOP" time="0.013">
  <properties/>
  <testcase name="testAdd()" classname="cpen221.soundwaves.SmokeTests" time="0.0"/>
  <testcase name="testContains()" classname="cpen221.soundwaves.SmokeTests" time="0.001"/>
  <testcase name="testCreateSineWave()" classname="cpen221.soundwaves.SmokeTests" time="0.001"/>
  <testcase name="testSimilarity()" classname="cpen221.soundwaves.SmokeTests" time="0.006"/>
  <testcase name="testCreateWaveZero()" classname="cpen221.soundwaves.SmokeTests" time="0.001"/>
  <testcase name="testCreateWave()" classname="cpen221.soundwaves.SmokeTests" time="0.001"/>
  <testcase name="testAppend()" classname="cpen221.soundwaves.SmokeTests" time="0.0"/>
  <system-out><![CDATA[]]></system-out>
  <system-err><![CDATA[]]></system-err>
</testsuite>
